                   :-) GROMACS - mdrun_thread_mpi, 2021.4 (-:

                            GROMACS is written by:
     Andrey Alekseenko              Emile Apol              Rossen Apostolov     
         Paul Bauer           Herman J.C. Berendsen           Par Bjelkmar       
       Christian Blau           Viacheslav Bolnykh             Kevin Boyd        
     Aldert van Buuren           Rudi van Drunen             Anton Feenstra      
    Gilles Gouaillardet             Alan Gray               Gerrit Groenhof      
       Anca Hamuraru            Vincent Hindriksen          M. Eric Irrgang      
      Aleksei Iupinov           Christoph Junghans             Joe Jordan        
    Dimitrios Karkoulis            Peter Kasson                Jiri Kraus        
      Carsten Kutzner              Per Larsson              Justin A. Lemkul     
       Viveca Lindahl            Magnus Lundborg             Erik Marklund       
        Pascal Merz             Pieter Meulenhoff            Teemu Murtola       
        Szilard Pall               Sander Pronk              Roland Schulz       
       Michael Shirts            Alexey Shvetsov             Alfons Sijbers      
       Peter Tieleman              Jon Vincent              Teemu Virolainen     
     Christian Wennberg            Maarten Wolf              Artem Zhmurov       
                           and the project leaders:
        Mark Abraham, Berk Hess, Erik Lindahl, and David van der Spoel

Copyright (c) 1991-2000, University of Groningen, The Netherlands.
Copyright (c) 2001-2019, The GROMACS development team at
Uppsala University, Stockholm University and
the Royal Institute of Technology, Sweden.
check out http://www.gromacs.org for more information.

GROMACS is free software; you can redistribute it and/or modify it
under the terms of the GNU Lesser General Public License
as published by the Free Software Foundation; either version 2.1
of the License, or (at your option) any later version.

GROMACS:      mdrun_thread_mpi, version 2021.4
Executable:   /cineca/prod/opt/applications/gromacs/2021.4/spectrum_mpi--10.3.1--binary/bin/mdrun_thread_mpi
Data prefix:  /cineca/prod/opt/applications/gromacs/2021.4/spectrum_mpi--10.3.1--binary
Working dir:  /m100_work/AIRC_Fortun21/barletta/twist/restrained_optimization/d11/work_dir/5-B_LGEENTI-B_YGSSYPA-B_AKIRNQIHWRGGKSDSPT
Process ID:   85499
Command line:
  mdrun_thread_mpi -nobackup -nocopyright -s /m100_work/AIRC_Fortun21/barletta/twist/restrained_optimization/d11/work_dir/5-B_LGEENTI-B_YGSSYPA-B_AKIRNQIHWRGGKSDSPT/nvt_d11.tpr -c /m100_work/AIRC_Fortun21/barletta/twist/restrained_optimization/d11/work_dir/5-B_LGEENTI-B_YGSSYPA-B_AKIRNQIHWRGGKSDSPT/nvt_d11.gro -px /m100_work/AIRC_Fortun21/barletta/twist/restrained_optimization/d11/work_dir/5-B_LGEENTI-B_YGSSYPA-B_AKIRNQIHWRGGKSDSPT/pullx_nvt_d11.xvg -pf /m100_work/AIRC_Fortun21/barletta/twist/restrained_optimization/d11/work_dir/5-B_LGEENTI-B_YGSSYPA-B_AKIRNQIHWRGGKSDSPT/pullf_nvt_d11.xvg -o /m100_work/AIRC_Fortun21/barletta/twist/restrained_optimization/d11/work_dir/5-B_LGEENTI-B_YGSSYPA-B_AKIRNQIHWRGGKSDSPT/nvt_d11.trr -x /m100_work/AIRC_Fortun21/barletta/twist/restrained_optimization/d11/work_dir/5-B_LGEENTI-B_YGSSYPA-B_AKIRNQIHWRGGKSDSPT/nvt_d11.xtc -g /m100_work/AIRC_Fortun21/barletta/twist/restrained_optimization/d11/work_dir/5-B_LGEENTI-B_YGSSYPA-B_AKIRNQIHWRGGKSDSPT/nvt_d11.log -cpo /m100_work/AIRC_Fortun21/barletta/twist/restrained_optimization/d11/work_dir/5-B_LGEENTI-B_YGSSYPA-B_AKIRNQIHWRGGKSDSPT/nvt_d11.cpt -nb gpu -pme gpu -bonded gpu -pmefft gpu -pin on -pinoffset 96 -gpu_id 3 -ntmpi 1 -ntomp 8

GROMACS version:    2021.4
Precision:          mixed
Memory model:       64 bit
MPI library:        thread_mpi
OpenMP support:     enabled (GMX_OPENMP_MAX_THREADS = 64)
GPU support:        CUDA
SIMD instructions:  IBM_VSX
FFT library:        fftw-3.3.8-vsx
TNG support:        enabled
Hwloc support:      disabled
Tracing support:    disabled
C compiler:         /cineca/prod/opt/compilers/gnu/8.4.0/none/bin/gcc GNU 8.4.0
C compiler flags:   -mcpu=power9 -mtune=power9 -mvsx -Wno-missing-field-initializers -fexcess-precision=fast -funroll-all-loops -pthread -O3 -DNDEBUG
C++ compiler:       /cineca/prod/opt/compilers/gnu/8.4.0/none/bin/g++ GNU 8.4.0
C++ compiler flags: -mcpu=power9 -mtune=power9 -mvsx -Wno-missing-field-initializers -fexcess-precision=fast -funroll-all-loops -pthread -fopenmp -O3 -DNDEBUG
CUDA compiler:      /cineca/prod/opt/compilers/cuda/11.0/none/bin/nvcc nvcc: NVIDIA (R) Cuda compiler driver;Copyright (c) 2005-2020 NVIDIA Corporation;Built on Thu_Jun_11_22:25:59_PDT_2020;Cuda compilation tools, release 11.0, V11.0.194;Build cuda_11.0_bu.TC445_37.28540450_0
CUDA compiler flags:-std=c++17;-gencode;arch=compute_35,code=sm_35;-gencode;arch=compute_37,code=sm_37;-gencode;arch=compute_50,code=sm_50;-gencode;arch=compute_52,code=sm_52;-gencode;arch=compute_60,code=sm_60;-gencode;arch=compute_61,code=sm_61;-gencode;arch=compute_70,code=sm_70;-gencode;arch=compute_75,code=sm_75;-gencode;arch=compute_80,code=sm_80;-Wno-deprecated-gpu-targets;-gencode;arch=compute_35,code=compute_35;-gencode;arch=compute_53,code=compute_53;-gencode;arch=compute_80,code=compute_80;-use_fast_math;-D_FORCE_INLINES;-mcpu=power9 -mtune=power9 -mvsx -Wno-missing-field-initializers -fexcess-precision=fast -funroll-all-loops -pthread -fopenmp -O3 -DNDEBUG
CUDA driver:        11.0
CUDA runtime:       11.0


Running on 1 node with total 128 cores, 128 logical cores, 4 compatible GPUs
Hardware detected:
  CPU info:
    Vendor: IBM
    Brand:  POWER9, altivec supported
    Family: 0   Model: 0   Stepping: 0
    Features: vmx vsx
  Hardware topology: Only logical processor count
  GPU info:
    Number of GPUs detected: 4
    #0: NVIDIA Tesla V100-SXM2-16GB, compute cap.: 7.0, ECC: yes, stat: compatible
    #1: NVIDIA Tesla V100-SXM2-16GB, compute cap.: 7.0, ECC: yes, stat: compatible
    #2: NVIDIA Tesla V100-SXM2-16GB, compute cap.: 7.0, ECC: yes, stat: compatible
    #3: NVIDIA Tesla V100-SXM2-16GB, compute cap.: 7.0, ECC: yes, stat: compatible


++++ PLEASE READ AND CITE THE FOLLOWING REFERENCE ++++
M. J. Abraham, T. Murtola, R. Schulz, S. Páll, J. C. Smith, B. Hess, E.
Lindahl
GROMACS: High performance molecular simulations through multi-level
parallelism from laptops to supercomputers
SoftwareX 1 (2015) pp. 19-25
-------- -------- --- Thank You --- -------- --------


++++ PLEASE READ AND CITE THE FOLLOWING REFERENCE ++++
S. Páll, M. J. Abraham, C. Kutzner, B. Hess, E. Lindahl
Tackling Exascale Software Challenges in Molecular Dynamics Simulations with
GROMACS
In S. Markidis & E. Laure (Eds.), Solving Software Challenges for Exascale 8759 (2015) pp. 3-27
-------- -------- --- Thank You --- -------- --------


++++ PLEASE READ AND CITE THE FOLLOWING REFERENCE ++++
S. Pronk, S. Páll, R. Schulz, P. Larsson, P. Bjelkmar, R. Apostolov, M. R.
Shirts, J. C. Smith, P. M. Kasson, D. van der Spoel, B. Hess, and E. Lindahl
GROMACS 4.5: a high-throughput and highly parallel open source molecular
simulation toolkit
Bioinformatics 29 (2013) pp. 845-54
-------- -------- --- Thank You --- -------- --------


++++ PLEASE READ AND CITE THE FOLLOWING REFERENCE ++++
B. Hess and C. Kutzner and D. van der Spoel and E. Lindahl
GROMACS 4: Algorithms for highly efficient, load-balanced, and scalable
molecular simulation
J. Chem. Theory Comput. 4 (2008) pp. 435-447
-------- -------- --- Thank You --- -------- --------


++++ PLEASE READ AND CITE THE FOLLOWING REFERENCE ++++
D. van der Spoel, E. Lindahl, B. Hess, G. Groenhof, A. E. Mark and H. J. C.
Berendsen
GROMACS: Fast, Flexible and Free
J. Comp. Chem. 26 (2005) pp. 1701-1719
-------- -------- --- Thank You --- -------- --------


++++ PLEASE READ AND CITE THE FOLLOWING REFERENCE ++++
E. Lindahl and B. Hess and D. van der Spoel
GROMACS 3.0: A package for molecular simulation and trajectory analysis
J. Mol. Mod. 7 (2001) pp. 306-317
-------- -------- --- Thank You --- -------- --------


++++ PLEASE READ AND CITE THE FOLLOWING REFERENCE ++++
H. J. C. Berendsen, D. van der Spoel and R. van Drunen
GROMACS: A message-passing parallel molecular dynamics implementation
Comp. Phys. Comm. 91 (1995) pp. 43-56
-------- -------- --- Thank You --- -------- --------


++++ PLEASE CITE THE DOI FOR THIS VERSION OF GROMACS ++++
https://doi.org/10.5281/zenodo.5636567
-------- -------- --- Thank You --- -------- --------


The number of OpenMP threads was set by environment variable OMP_NUM_THREADS to 8 (and the command-line setting agreed with that)

Input Parameters:
   integrator                     = md
   tinit                          = 0
   dt                             = 0.002
   nsteps                         = 250000
   init-step                      = 0
   simulation-part                = 1
   mts                            = false
   comm-mode                      = Linear
   nstcomm                        = 100
   bd-fric                        = 0
   ld-seed                        = 703586303
   emtol                          = 10
   emstep                         = 0.01
   niter                          = 20
   fcstep                         = 0
   nstcgsteep                     = 1000
   nbfgscorr                      = 10
   rtpi                           = 0.05
   nstxout                        = 0
   nstvout                        = 5000
   nstfout                        = 0
   nstlog                         = 5000
   nstcalcenergy                  = 100
   nstenergy                      = 5000
   nstxout-compressed             = 5000
   compressed-x-precision         = 1000
   cutoff-scheme                  = Verlet
   nstlist                        = 20
   pbc                            = xyz
   periodic-molecules             = false
   verlet-buffer-tolerance        = 0.005
   rlist                          = 0.931
   coulombtype                    = PME
   coulomb-modifier               = Potential-shift
   rcoulomb-switch                = 0
   rcoulomb                       = 0.9
   epsilon-r                      = 1
   epsilon-rf                     = inf
   vdw-type                       = Cut-off
   vdw-modifier                   = Potential-shift
   rvdw-switch                    = 0
   rvdw                           = 0.9
   DispCorr                       = EnerPres
   table-extension                = 1
   fourierspacing                 = 0.16
   fourier-nx                     = 80
   fourier-ny                     = 80
   fourier-nz                     = 80
   pme-order                      = 4
   ewald-rtol                     = 1e-05
   ewald-rtol-lj                  = 0.001
   lj-pme-comb-rule               = Geometric
   ewald-geometry                 = 0
   epsilon-surface                = 0
   tcoupl                         = V-rescale
   nsttcouple                     = 10
   nh-chain-length                = 0
   print-nose-hoover-chain-variables = false
   pcoupl                         = No
   pcoupltype                     = Isotropic
   nstpcouple                     = -1
   tau-p                          = 1
   compressibility (3x3):
      compressibility[    0]={ 0.00000e+00,  0.00000e+00,  0.00000e+00}
      compressibility[    1]={ 0.00000e+00,  0.00000e+00,  0.00000e+00}
      compressibility[    2]={ 0.00000e+00,  0.00000e+00,  0.00000e+00}
   ref-p (3x3):
      ref-p[    0]={ 0.00000e+00,  0.00000e+00,  0.00000e+00}
      ref-p[    1]={ 0.00000e+00,  0.00000e+00,  0.00000e+00}
      ref-p[    2]={ 0.00000e+00,  0.00000e+00,  0.00000e+00}
   refcoord-scaling               = No
   posres-com (3):
      posres-com[0]= 0.00000e+00
      posres-com[1]= 0.00000e+00
      posres-com[2]= 0.00000e+00
   posres-comB (3):
      posres-comB[0]= 0.00000e+00
      posres-comB[1]= 0.00000e+00
      posres-comB[2]= 0.00000e+00
   QMMM                           = false
qm-opts:
   ngQM                           = 0
   constraint-algorithm           = Lincs
   continuation                   = false
   Shake-SOR                      = false
   shake-tol                      = 0.0001
   lincs-order                    = 4
   lincs-iter                     = 1
   lincs-warnangle                = 30
   nwall                          = 0
   wall-type                      = 9-3
   wall-r-linpot                  = -1
   wall-atomtype[0]               = -1
   wall-atomtype[1]               = -1
   wall-density[0]                = 0
   wall-density[1]                = 0
   wall-ewald-zfac                = 3
   pull                           = false
   awh                            = false
   rotation                       = false
   interactiveMD                  = false
   disre                          = No
   disre-weighting                = Conservative
   disre-mixed                    = false
   dr-fc                          = 1000
   dr-tau                         = 0
   nstdisreout                    = 100
   orire-fc                       = 0
   orire-tau                      = 0
   nstorireout                    = 100
   free-energy                    = no
   cos-acceleration               = 0
   deform (3x3):
      deform[    0]={ 0.00000e+00,  0.00000e+00,  0.00000e+00}
      deform[    1]={ 0.00000e+00,  0.00000e+00,  0.00000e+00}
      deform[    2]={ 0.00000e+00,  0.00000e+00,  0.00000e+00}
   simulated-tempering            = false
   swapcoords                     = no
   userint1                       = 0
   userint2                       = 0
   userint3                       = 0
   userint4                       = 0
   userreal1                      = 0
   userreal2                      = 0
   userreal3                      = 0
   userreal4                      = 0
   applied-forces:
     electric-field:
       x:
         E0                       = 0
         omega                    = 0
         t0                       = 0
         sigma                    = 0
       y:
         E0                       = 0
         omega                    = 0
         t0                       = 0
         sigma                    = 0
       z:
         E0                       = 0
         omega                    = 0
         t0                       = 0
         sigma                    = 0
     density-guided-simulation:
       active                     = false
       group                      = protein
       similarity-measure         = inner-product
       atom-spreading-weight      = unity
       force-constant             = 1e+09
       gaussian-transform-spreading-width = 0.2
       gaussian-transform-spreading-range-in-multiples-of-width = 4
       reference-density-filename = reference.mrc
       nst                        = 1
       normalize-densities        = true
       adaptive-force-scaling     = false
       adaptive-force-scaling-time-constant = 4
       shift-vector               = 
       transformation-matrix      = 
grpopts:
   nrdf:     19955.8      243090
   ref-t:         300         300
   tau-t:         0.1         0.1
annealing:          No          No
annealing-npoints:           0           0
   acc:	           0           0           0
   nfreeze:           N           N           N
   energygrp-flags[  0]: 0

Changing nstlist from 20 to 80, rlist from 0.931 to 1.041

1 GPU selected for this run.
Mapping of GPU IDs to the 2 GPU tasks in the 1 rank on this node:
  PP:3,PME:3
PP tasks will do (non-perturbed) short-ranged and most bonded interactions on the GPU
PP task will update and constrain coordinates on the CPU
PME tasks will do all aspects on the GPU
Using 1 MPI thread
Using 8 OpenMP threads 


Overriding thread affinity set outside mdrun_thread_mpi

Applying core pinning offset 96
Pinning threads with an auto-selected logical core stride of 4
System total charge: 0.000
Will do PME sum in reciprocal space for electrostatic interactions.

++++ PLEASE READ AND CITE THE FOLLOWING REFERENCE ++++
U. Essmann, L. Perera, M. L. Berkowitz, T. Darden, H. Lee and L. G. Pedersen 
A smooth particle mesh Ewald method
J. Chem. Phys. 103 (1995) pp. 8577-8592
-------- -------- --- Thank You --- -------- --------

Using a Gaussian width (1/beta) of 0.288146 nm for Ewald
Potential shift: LJ r^-12: -3.541e+00 r^-6: -1.882e+00, Ewald -1.111e-05
Initialized non-bonded Ewald tables, spacing: 8.85e-04 size: 1018

Generated table with 1020 data points for 1-4 COUL.
Tabscale = 500 points/nm
Generated table with 1020 data points for 1-4 LJ6.
Tabscale = 500 points/nm
Generated table with 1020 data points for 1-4 LJ12.
Tabscale = 500 points/nm
Long Range LJ corr.: <C6> 3.0488e-04


Using GPU 8x8 nonbonded short-range kernels

Using a dual 8x8 pair-list setup updated with dynamic, rolling pruning:
  outer list: updated every 80 steps, buffer 0.141 nm, rlist 1.041 nm
  inner list: updated every 10 steps, buffer 0.002 nm, rlist 0.902 nm
At tolerance 0.005 kJ/mol/ps per atom, equivalent classical 1x1 list would be:
  outer list: updated every 80 steps, buffer 0.280 nm, rlist 1.180 nm
  inner list: updated every 10 steps, buffer 0.043 nm, rlist 0.943 nm

Using Lorentz-Berthelot Lennard-Jones combination rule
Removing pbc first time

Initializing LINear Constraint Solver

++++ PLEASE READ AND CITE THE FOLLOWING REFERENCE ++++
B. Hess and H. Bekker and H. J. C. Berendsen and J. G. E. M. Fraaije
LINCS: A Linear Constraint Solver for molecular simulations
J. Comp. Chem. 18 (1997) pp. 1463-1472
-------- -------- --- Thank You --- -------- --------

The number of constraints is 3912

++++ PLEASE READ AND CITE THE FOLLOWING REFERENCE ++++
S. Miyamoto and P. A. Kollman
SETTLE: An Analytical Version of the SHAKE and RATTLE Algorithms for Rigid
Water Models
J. Comp. Chem. 13 (1992) pp. 952-962
-------- -------- --- Thank You --- -------- --------


++++ PLEASE READ AND CITE THE FOLLOWING REFERENCE ++++
G. Bussi, D. Donadio and M. Parrinello
Canonical sampling through velocity rescaling
J. Chem. Phys. 126 (2007) pp. 014101
-------- -------- --- Thank You --- -------- --------

There are: 129502 Atoms

Constraining the starting coordinates (step 0)

Constraining the coordinates at t0-dt (step 0)
Center of mass motion removal mode is Linear
We have the following groups for center of mass motion removal:
  0:  rest
RMS relative constraint deviation after constraining: 3.73e-06
Initial temperature: 299.468 K

Started mdrun on rank 0 Sun Apr  2 10:59:36 2023

           Step           Time
              0        0.00000

   Energies (kJ/mol)
           Bond          Angle    Proper Dih.  Improper Dih.          LJ-14
    1.39302e+03    5.56302e+03    1.90830e+04    2.80706e+02    6.48937e+03
     Coulomb-14        LJ (SR)  Disper. corr.   Coulomb (SR)   Coul. recip.
    8.08344e+04    2.08938e+05   -2.25958e+04   -1.98768e+06    1.96775e+04
 Position Rest.      Potential    Kinetic En.   Total Energy  Conserved En.
    3.49848e-03   -1.66801e+06    3.28479e+05   -1.33953e+06   -1.33953e+06
    Temperature Pres. DC (bar) Pressure (bar)   Constr. rmsd
    3.00380e+02   -2.89527e+02   -1.05585e+03    3.73782e-06

step 3840: timed with pme grid 80 80 80, coulomb cutoff 0.900: 55.3 M-cycles
step 4000: timed with pme grid 64 64 64, coulomb cutoff 1.046: 61.2 M-cycles
step 4160: timed with pme grid 56 56 56, coulomb cutoff 1.196: 72.1 M-cycles
step 4320: timed with pme grid 60 60 60, coulomb cutoff 1.116: 69.7 M-cycles
step 4480: timed with pme grid 64 64 64, coulomb cutoff 1.046: 69.0 M-cycles
step 4640: timed with pme grid 72 72 72, coulomb cutoff 0.930: 60.7 M-cycles
step 4800: timed with pme grid 80 80 80, coulomb cutoff 0.900: 59.4 M-cycles
              optimal pme grid 80 80 80, coulomb cutoff 0.900
           Step           Time
           5000       10.00000

   Energies (kJ/mol)
           Bond          Angle    Proper Dih.  Improper Dih.          LJ-14
    6.25802e+03    1.68428e+04    2.09478e+04    9.68214e+02    7.35729e+03
     Coulomb-14        LJ (SR)  Disper. corr.   Coulomb (SR)   Coul. recip.
    8.05873e+04    2.46776e+05   -2.25958e+04   -2.06392e+06    1.71075e+04
 Position Rest.      Potential    Kinetic En.   Total Energy  Conserved En.
    1.91717e+03   -1.68776e+06    3.27010e+05   -1.36075e+06   -1.33650e+06
    Temperature Pres. DC (bar) Pressure (bar)   Constr. rmsd
    2.99037e+02   -2.89527e+02   -1.47964e+01    3.79401e-06

           Step           Time
          10000       20.00000

   Energies (kJ/mol)
           Bond          Angle    Proper Dih.  Improper Dih.          LJ-14
    6.28989e+03    1.72352e+04    2.08324e+04    9.83982e+02    7.22055e+03
     Coulomb-14        LJ (SR)  Disper. corr.   Coulomb (SR)   Coul. recip.
    8.04473e+04    2.44979e+05   -2.25958e+04   -2.06354e+06    1.71738e+04
 Position Rest.      Potential    Kinetic En.   Total Energy  Conserved En.
    1.77082e+03   -1.68921e+06    3.28699e+05   -1.36051e+06   -1.33652e+06
    Temperature Pres. DC (bar) Pressure (bar)   Constr. rmsd
    3.00582e+02   -2.89527e+02    1.02906e+02    3.81396e-06

           Step           Time
          15000       30.00000

   Energies (kJ/mol)
           Bond          Angle    Proper Dih.  Improper Dih.          LJ-14
    6.15728e+03    1.68352e+04    2.08279e+04    9.59346e+02    7.33629e+03
     Coulomb-14        LJ (SR)  Disper. corr.   Coulomb (SR)   Coul. recip.
    8.04093e+04    2.46132e+05   -2.25958e+04   -2.06615e+06    1.70669e+04
 Position Rest.      Potential    Kinetic En.   Total Energy  Conserved En.
    1.87029e+03   -1.69115e+06    3.26137e+05   -1.36501e+06   -1.33653e+06
    Temperature Pres. DC (bar) Pressure (bar)   Constr. rmsd
    2.98239e+02   -2.89527e+02    4.14655e+02    3.79716e-06

           Step           Time
          20000       40.00000

   Energies (kJ/mol)
           Bond          Angle    Proper Dih.  Improper Dih.          LJ-14
    6.37138e+03    1.67283e+04    2.09363e+04    9.29151e+02    7.32794e+03
     Coulomb-14        LJ (SR)  Disper. corr.   Coulomb (SR)   Coul. recip.
    8.08905e+04    2.44551e+05   -2.25958e+04   -2.06338e+06    1.72047e+04
 Position Rest.      Potential    Kinetic En.   Total Energy  Conserved En.
    1.81226e+03   -1.68922e+06    3.28372e+05   -1.36085e+06   -1.33657e+06
    Temperature Pres. DC (bar) Pressure (bar)   Constr. rmsd
    3.00283e+02   -2.89527e+02    4.77258e+01    3.73316e-06

           Step           Time
          25000       50.00000

   Energies (kJ/mol)
           Bond          Angle    Proper Dih.  Improper Dih.          LJ-14
    6.22018e+03    1.70814e+04    2.09544e+04    9.52518e+02    7.33433e+03
     Coulomb-14        LJ (SR)  Disper. corr.   Coulomb (SR)   Coul. recip.
    8.07282e+04    2.46097e+05   -2.25958e+04   -2.06450e+06    1.69408e+04
 Position Rest.      Potential    Kinetic En.   Total Energy  Conserved En.
    1.93781e+03   -1.68885e+06    3.29049e+05   -1.35980e+06   -1.33662e+06
    Temperature Pres. DC (bar) Pressure (bar)   Constr. rmsd
    3.00902e+02   -2.89527e+02    1.41433e+02    3.69940e-06

           Step           Time
          30000       60.00000

   Energies (kJ/mol)
           Bond          Angle    Proper Dih.  Improper Dih.          LJ-14
    6.26685e+03    1.69697e+04    2.09276e+04    9.85850e+02    7.52254e+03
     Coulomb-14        LJ (SR)  Disper. corr.   Coulomb (SR)   Coul. recip.
    8.08253e+04    2.43933e+05   -2.25958e+04   -2.06150e+06    1.74325e+04
 Position Rest.      Potential    Kinetic En.   Total Energy  Conserved En.
    1.89993e+03   -1.68733e+06    3.29038e+05   -1.35830e+06   -1.33661e+06
    Temperature Pres. DC (bar) Pressure (bar)   Constr. rmsd
    3.00892e+02   -2.89527e+02   -3.57692e+01    3.86735e-06

           Step           Time
          35000       70.00000

   Energies (kJ/mol)
           Bond          Angle    Proper Dih.  Improper Dih.          LJ-14
    6.26993e+03    1.66799e+04    2.08723e+04    9.98061e+02    7.41442e+03
     Coulomb-14        LJ (SR)  Disper. corr.   Coulomb (SR)   Coul. recip.
    8.10504e+04    2.45091e+05   -2.25958e+04   -2.06350e+06    1.74218e+04
 Position Rest.      Potential    Kinetic En.   Total Energy  Conserved En.
    1.90215e+03   -1.68840e+06    3.28145e+05   -1.36025e+06   -1.33667e+06
    Temperature Pres. DC (bar) Pressure (bar)   Constr. rmsd
    3.00075e+02   -2.89527e+02   -9.52065e+01    3.90220e-06

           Step           Time
          40000       80.00000

   Energies (kJ/mol)
           Bond          Angle    Proper Dih.  Improper Dih.          LJ-14
    6.40055e+03    1.69190e+04    2.08695e+04    1.00008e+03    7.31424e+03
     Coulomb-14        LJ (SR)  Disper. corr.   Coulomb (SR)   Coul. recip.
    8.08472e+04    2.44178e+05   -2.25958e+04   -2.06192e+06    1.73210e+04
 Position Rest.      Potential    Kinetic En.   Total Energy  Conserved En.
    1.79904e+03   -1.68787e+06    3.28700e+05   -1.35917e+06   -1.33668e+06
    Temperature Pres. DC (bar) Pressure (bar)   Constr. rmsd
    3.00583e+02   -2.89527e+02    1.16291e+02    3.90626e-06

           Step           Time
          45000       90.00000

   Energies (kJ/mol)
           Bond          Angle    Proper Dih.  Improper Dih.          LJ-14
    6.24901e+03    1.67341e+04    2.10442e+04    9.80115e+02    7.27951e+03
     Coulomb-14        LJ (SR)  Disper. corr.   Coulomb (SR)   Coul. recip.
    8.03615e+04    2.45193e+05   -2.25958e+04   -2.06322e+06    1.73658e+04
 Position Rest.      Potential    Kinetic En.   Total Energy  Conserved En.
    1.76413e+03   -1.68884e+06    3.27051e+05   -1.36179e+06   -1.33669e+06
    Temperature Pres. DC (bar) Pressure (bar)   Constr. rmsd
    2.99075e+02   -2.89527e+02   -3.01422e+02    3.71586e-06

           Step           Time
          50000      100.00000

   Energies (kJ/mol)
           Bond          Angle    Proper Dih.  Improper Dih.          LJ-14
    6.27707e+03    1.70981e+04    2.08343e+04    9.42472e+02    7.31788e+03
     Coulomb-14        LJ (SR)  Disper. corr.   Coulomb (SR)   Coul. recip.
    8.08766e+04    2.44138e+05   -2.25958e+04   -2.06185e+06    1.71905e+04
 Position Rest.      Potential    Kinetic En.   Total Energy  Conserved En.
    1.84865e+03   -1.68792e+06    3.27891e+05   -1.36003e+06   -1.33669e+06
    Temperature Pres. DC (bar) Pressure (bar)   Constr. rmsd
    2.99843e+02   -2.89527e+02    2.64689e+01    3.76501e-06

           Step           Time
          55000      110.00000

   Energies (kJ/mol)
           Bond          Angle    Proper Dih.  Improper Dih.          LJ-14
    6.17236e+03    1.70219e+04    2.10460e+04    9.19375e+02    7.24536e+03
     Coulomb-14        LJ (SR)  Disper. corr.   Coulomb (SR)   Coul. recip.
    8.07313e+04    2.45837e+05   -2.25958e+04   -2.06405e+06    1.72287e+04
 Position Rest.      Potential    Kinetic En.   Total Energy  Conserved En.
    1.91147e+03   -1.68853e+06    3.28109e+05   -1.36042e+06   -1.33676e+06
    Temperature Pres. DC (bar) Pressure (bar)   Constr. rmsd
    3.00042e+02   -2.89527e+02   -1.01862e+02    3.79293e-06

           Step           Time
          60000      120.00000

   Energies (kJ/mol)
           Bond          Angle    Proper Dih.  Improper Dih.          LJ-14
    6.40837e+03    1.67850e+04    2.09309e+04    9.84986e+02    7.34502e+03
     Coulomb-14        LJ (SR)  Disper. corr.   Coulomb (SR)   Coul. recip.
    8.08434e+04    2.45863e+05   -2.25958e+04   -2.06338e+06    1.71720e+04
 Position Rest.      Potential    Kinetic En.   Total Energy  Conserved En.
    1.86149e+03   -1.68778e+06    3.26963e+05   -1.36082e+06   -1.33673e+06
    Temperature Pres. DC (bar) Pressure (bar)   Constr. rmsd
    2.98994e+02   -2.89527e+02    4.64285e+01    3.77722e-06

           Step           Time
          65000      130.00000

   Energies (kJ/mol)
           Bond          Angle    Proper Dih.  Improper Dih.          LJ-14
    6.43976e+03    1.69342e+04    2.08683e+04    9.85932e+02    7.14987e+03
     Coulomb-14        LJ (SR)  Disper. corr.   Coulomb (SR)   Coul. recip.
    8.03363e+04    2.43349e+05   -2.25958e+04   -2.05909e+06    1.75225e+04
 Position Rest.      Potential    Kinetic En.   Total Energy  Conserved En.
    1.87983e+03   -1.68622e+06    3.27882e+05   -1.35834e+06   -1.33681e+06
    Temperature Pres. DC (bar) Pressure (bar)   Constr. rmsd
    2.99835e+02   -2.89527e+02   -6.38420e+01    3.62060e-06

           Step           Time
          70000      140.00000

   Energies (kJ/mol)
           Bond          Angle    Proper Dih.  Improper Dih.          LJ-14
    6.43884e+03    1.71523e+04    2.07059e+04    9.40200e+02    7.30885e+03
     Coulomb-14        LJ (SR)  Disper. corr.   Coulomb (SR)   Coul. recip.
    8.06181e+04    2.44993e+05   -2.25958e+04   -2.06207e+06    1.70385e+04
 Position Rest.      Potential    Kinetic En.   Total Energy  Conserved En.
    1.76662e+03   -1.68770e+06    3.28020e+05   -1.35968e+06   -1.33684e+06
    Temperature Pres. DC (bar) Pressure (bar)   Constr. rmsd
    2.99961e+02   -2.89527e+02    1.95584e+02    3.87746e-06

           Step           Time
          75000      150.00000

   Energies (kJ/mol)
           Bond          Angle    Proper Dih.  Improper Dih.          LJ-14
    6.20681e+03    1.71522e+04    2.08350e+04    9.50960e+02    7.36666e+03
     Coulomb-14        LJ (SR)  Disper. corr.   Coulomb (SR)   Coul. recip.
    8.06499e+04    2.45860e+05   -2.25958e+04   -2.06243e+06    1.73701e+04
 Position Rest.      Potential    Kinetic En.   Total Energy  Conserved En.
    1.89705e+03   -1.68674e+06    3.27794e+05   -1.35895e+06   -1.33685e+06
    Temperature Pres. DC (bar) Pressure (bar)   Constr. rmsd
    2.99754e+02   -2.89527e+02    5.62902e+01    3.82649e-06

           Step           Time
          80000      160.00000

   Energies (kJ/mol)
           Bond          Angle    Proper Dih.  Improper Dih.          LJ-14
    6.17806e+03    1.68828e+04    2.08812e+04    9.75625e+02    7.30329e+03
     Coulomb-14        LJ (SR)  Disper. corr.   Coulomb (SR)   Coul. recip.
    8.05735e+04    2.46217e+05   -2.25958e+04   -2.06384e+06    1.72322e+04
 Position Rest.      Potential    Kinetic En.   Total Energy  Conserved En.
    1.86825e+03   -1.68832e+06    3.27252e+05   -1.36107e+06   -1.33684e+06
    Temperature Pres. DC (bar) Pressure (bar)   Constr. rmsd
    2.99259e+02   -2.89527e+02    2.91571e+02    3.81565e-06

           Step           Time
          85000      170.00000

   Energies (kJ/mol)
           Bond          Angle    Proper Dih.  Improper Dih.          LJ-14
    6.42522e+03    1.71604e+04    2.08644e+04    9.68102e+02    7.27200e+03
     Coulomb-14        LJ (SR)  Disper. corr.   Coulomb (SR)   Coul. recip.
    8.06479e+04    2.42675e+05   -2.25958e+04   -2.06007e+06    1.72049e+04
 Position Rest.      Potential    Kinetic En.   Total Energy  Conserved En.
    1.86664e+03   -1.68759e+06    3.26371e+05   -1.36122e+06   -1.33686e+06
    Temperature Pres. DC (bar) Pressure (bar)   Constr. rmsd
    2.98453e+02   -2.89527e+02   -1.14117e+02    3.92619e-06

           Step           Time
          90000      180.00000

   Energies (kJ/mol)
           Bond          Angle    Proper Dih.  Improper Dih.          LJ-14
    6.22272e+03    1.72659e+04    2.08752e+04    9.53189e+02    7.29650e+03
     Coulomb-14        LJ (SR)  Disper. corr.   Coulomb (SR)   Coul. recip.
    8.07897e+04    2.44718e+05   -2.25958e+04   -2.06090e+06    1.71071e+04
 Position Rest.      Potential    Kinetic En.   Total Energy  Conserved En.
    1.89994e+03   -1.68637e+06    3.27951e+05   -1.35842e+06   -1.33695e+06
    Temperature Pres. DC (bar) Pressure (bar)   Constr. rmsd
    2.99898e+02   -2.89527e+02    1.31011e+02    3.89282e-06

           Step           Time
          95000      190.00000

   Energies (kJ/mol)
           Bond          Angle    Proper Dih.  Improper Dih.          LJ-14
    6.13500e+03    1.70628e+04    2.10398e+04    9.83742e+02    7.38304e+03
     Coulomb-14        LJ (SR)  Disper. corr.   Coulomb (SR)   Coul. recip.
    8.10687e+04    2.42711e+05   -2.25958e+04   -2.05921e+06    1.72150e+04
 Position Rest.      Potential    Kinetic En.   Total Energy  Conserved En.
    1.88958e+03   -1.68632e+06    3.27701e+05   -1.35862e+06   -1.33695e+06
    Temperature Pres. DC (bar) Pressure (bar)   Constr. rmsd
    2.99669e+02   -2.89527e+02    1.91851e+02    3.87486e-06

           Step           Time
         100000      200.00000

   Energies (kJ/mol)
           Bond          Angle    Proper Dih.  Improper Dih.          LJ-14
    6.52273e+03    1.68413e+04    2.08522e+04    9.28779e+02    7.28410e+03
     Coulomb-14        LJ (SR)  Disper. corr.   Coulomb (SR)   Coul. recip.
    8.05826e+04    2.45900e+05   -2.25958e+04   -2.06313e+06    1.70866e+04
 Position Rest.      Potential    Kinetic En.   Total Energy  Conserved En.
    1.81994e+03   -1.68791e+06    3.28490e+05   -1.35942e+06   -1.33698e+06
    Temperature Pres. DC (bar) Pressure (bar)   Constr. rmsd
    3.00390e+02   -2.89527e+02   -3.90939e+01    3.71004e-06

           Step           Time
         105000      210.00000

   Energies (kJ/mol)
           Bond          Angle    Proper Dih.  Improper Dih.          LJ-14
    6.39171e+03    1.70240e+04    2.10022e+04    1.00241e+03    7.28661e+03
     Coulomb-14        LJ (SR)  Disper. corr.   Coulomb (SR)   Coul. recip.
    8.03170e+04    2.44517e+05   -2.25958e+04   -2.06135e+06    1.70648e+04
 Position Rest.      Potential    Kinetic En.   Total Energy  Conserved En.
    1.87958e+03   -1.68746e+06    3.27700e+05   -1.35976e+06   -1.33700e+06
    Temperature Pres. DC (bar) Pressure (bar)   Constr. rmsd
    2.99668e+02   -2.89527e+02   -1.30540e+02    3.90632e-06

           Step           Time
         110000      220.00000

   Energies (kJ/mol)
           Bond          Angle    Proper Dih.  Improper Dih.          LJ-14
    6.04958e+03    1.70554e+04    2.08791e+04    9.20970e+02    7.36372e+03
     Coulomb-14        LJ (SR)  Disper. corr.   Coulomb (SR)   Coul. recip.
    8.03929e+04    2.45998e+05   -2.25958e+04   -2.06514e+06    1.71378e+04
 Position Rest.      Potential    Kinetic En.   Total Energy  Conserved En.
    1.92810e+03   -1.69001e+06    3.26799e+05   -1.36321e+06   -1.33703e+06
    Temperature Pres. DC (bar) Pressure (bar)   Constr. rmsd
    2.98844e+02   -2.89527e+02    8.71329e+01    3.84708e-06

           Step           Time
         115000      230.00000

   Energies (kJ/mol)
           Bond          Angle    Proper Dih.  Improper Dih.          LJ-14
    6.21999e+03    1.68436e+04    2.09377e+04    1.00846e+03    7.33739e+03
     Coulomb-14        LJ (SR)  Disper. corr.   Coulomb (SR)   Coul. recip.
    8.08997e+04    2.45361e+05   -2.25958e+04   -2.06422e+06    1.71564e+04
 Position Rest.      Potential    Kinetic En.   Total Energy  Conserved En.
    1.88602e+03   -1.68917e+06    3.27793e+05   -1.36138e+06   -1.33702e+06
    Temperature Pres. DC (bar) Pressure (bar)   Constr. rmsd
    2.99753e+02   -2.89527e+02    6.57196e+01    3.60740e-06

           Step           Time
         120000      240.00000

   Energies (kJ/mol)
           Bond          Angle    Proper Dih.  Improper Dih.          LJ-14
    6.44121e+03    1.68367e+04    2.08688e+04    9.43120e+02    7.34552e+03
     Coulomb-14        LJ (SR)  Disper. corr.   Coulomb (SR)   Coul. recip.
    8.04954e+04    2.45665e+05   -2.25958e+04   -2.06444e+06    1.71367e+04
 Position Rest.      Potential    Kinetic En.   Total Energy  Conserved En.
    1.83259e+03   -1.68947e+06    3.28581e+05   -1.36089e+06   -1.33708e+06
    Temperature Pres. DC (bar) Pressure (bar)   Constr. rmsd
    3.00474e+02   -2.89527e+02    3.12830e+02    3.75159e-06

           Step           Time
         125000      250.00000

   Energies (kJ/mol)
           Bond          Angle    Proper Dih.  Improper Dih.          LJ-14
    6.12657e+03    1.69278e+04    2.08065e+04    9.51372e+02    7.40252e+03
     Coulomb-14        LJ (SR)  Disper. corr.   Coulomb (SR)   Coul. recip.
    8.08556e+04    2.46119e+05   -2.25958e+04   -2.06264e+06    1.72037e+04
 Position Rest.      Potential    Kinetic En.   Total Energy  Conserved En.
    1.93478e+03   -1.68691e+06    3.28094e+05   -1.35882e+06   -1.33709e+06
    Temperature Pres. DC (bar) Pressure (bar)   Constr. rmsd
    3.00029e+02   -2.89527e+02    1.88664e+02    3.82611e-06

           Step           Time
         130000      260.00000

   Energies (kJ/mol)
           Bond          Angle    Proper Dih.  Improper Dih.          LJ-14
    6.55978e+03    1.71887e+04    2.08857e+04    9.76995e+02    7.32913e+03
     Coulomb-14        LJ (SR)  Disper. corr.   Coulomb (SR)   Coul. recip.
    8.03052e+04    2.43252e+05   -2.25958e+04   -2.05774e+06    1.72329e+04
 Position Rest.      Potential    Kinetic En.   Total Energy  Conserved En.
    1.92284e+03   -1.68468e+06    3.28633e+05   -1.35605e+06   -1.33710e+06
    Temperature Pres. DC (bar) Pressure (bar)   Constr. rmsd
    3.00521e+02   -2.89527e+02    7.00873e+01    3.91954e-06

           Step           Time
         135000      270.00000

   Energies (kJ/mol)
           Bond          Angle    Proper Dih.  Improper Dih.          LJ-14
    6.35832e+03    1.69493e+04    2.08026e+04    1.06167e+03    7.28728e+03
     Coulomb-14        LJ (SR)  Disper. corr.   Coulomb (SR)   Coul. recip.
    8.04797e+04    2.43762e+05   -2.25958e+04   -2.05948e+06    1.70633e+04
 Position Rest.      Potential    Kinetic En.   Total Energy  Conserved En.
    1.77833e+03   -1.68653e+06    3.28002e+05   -1.35853e+06   -1.33717e+06
    Temperature Pres. DC (bar) Pressure (bar)   Constr. rmsd
    2.99944e+02   -2.89527e+02    2.26469e+01    3.85537e-06

           Step           Time
         140000      280.00000

   Energies (kJ/mol)
           Bond          Angle    Proper Dih.  Improper Dih.          LJ-14
    6.20900e+03    1.70685e+04    2.07463e+04    9.78811e+02    7.22343e+03
     Coulomb-14        LJ (SR)  Disper. corr.   Coulomb (SR)   Coul. recip.
    8.07211e+04    2.44479e+05   -2.25958e+04   -2.06352e+06    1.73002e+04
 Position Rest.      Potential    Kinetic En.   Total Energy  Conserved En.
    1.91185e+03   -1.68948e+06    3.27755e+05   -1.36172e+06   -1.33717e+06
    Temperature Pres. DC (bar) Pressure (bar)   Constr. rmsd
    2.99718e+02   -2.89527e+02   -3.03954e+02    3.72245e-06

           Step           Time
         145000      290.00000

   Energies (kJ/mol)
           Bond          Angle    Proper Dih.  Improper Dih.          LJ-14
    6.43956e+03    1.68922e+04    2.08601e+04    1.01498e+03    7.26656e+03
     Coulomb-14        LJ (SR)  Disper. corr.   Coulomb (SR)   Coul. recip.
    8.05541e+04    2.44322e+05   -2.25958e+04   -2.06290e+06    1.70444e+04
 Position Rest.      Potential    Kinetic En.   Total Energy  Conserved En.
    1.88637e+03   -1.68922e+06    3.27210e+05   -1.36201e+06   -1.33719e+06
    Temperature Pres. DC (bar) Pressure (bar)   Constr. rmsd
    2.99220e+02   -2.89527e+02    2.43021e+01    3.66777e-06

           Step           Time
         150000      300.00000

   Energies (kJ/mol)
           Bond          Angle    Proper Dih.  Improper Dih.          LJ-14
    6.12777e+03    1.68829e+04    2.07459e+04    9.87744e+02    7.33314e+03
     Coulomb-14        LJ (SR)  Disper. corr.   Coulomb (SR)   Coul. recip.
    8.07128e+04    2.47791e+05   -2.25958e+04   -2.06793e+06    1.71690e+04
 Position Rest.      Potential    Kinetic En.   Total Energy  Conserved En.
    1.82466e+03   -1.69095e+06    3.26880e+05   -1.36407e+06   -1.33723e+06
    Temperature Pres. DC (bar) Pressure (bar)   Constr. rmsd
    2.98918e+02   -2.89527e+02   -3.04682e-01    3.80656e-06

           Step           Time
         155000      310.00000

   Energies (kJ/mol)
           Bond          Angle    Proper Dih.  Improper Dih.          LJ-14
    6.34862e+03    1.69699e+04    2.08819e+04    9.58983e+02    7.34437e+03
     Coulomb-14        LJ (SR)  Disper. corr.   Coulomb (SR)   Coul. recip.
    8.06645e+04    2.47026e+05   -2.25958e+04   -2.06535e+06    1.73453e+04
 Position Rest.      Potential    Kinetic En.   Total Energy  Conserved En.
    1.83432e+03   -1.68857e+06    3.28759e+05   -1.35981e+06   -1.33725e+06
    Temperature Pres. DC (bar) Pressure (bar)   Constr. rmsd
    3.00637e+02   -2.89527e+02    5.94634e+00    3.81992e-06

           Step           Time
         160000      320.00000

   Energies (kJ/mol)
           Bond          Angle    Proper Dih.  Improper Dih.          LJ-14
    6.25985e+03    1.69302e+04    2.08165e+04    9.96838e+02    7.30854e+03
     Coulomb-14        LJ (SR)  Disper. corr.   Coulomb (SR)   Coul. recip.
    8.06311e+04    2.43786e+05   -2.25958e+04   -2.06256e+06    1.71132e+04
 Position Rest.      Potential    Kinetic En.   Total Energy  Conserved En.
    1.86186e+03   -1.68946e+06    3.26409e+05   -1.36305e+06   -1.33728e+06
    Temperature Pres. DC (bar) Pressure (bar)   Constr. rmsd
    2.98488e+02   -2.89527e+02   -1.40635e+02    3.85963e-06

           Step           Time
         165000      330.00000

   Energies (kJ/mol)
           Bond          Angle    Proper Dih.  Improper Dih.          LJ-14
    6.40233e+03    1.64653e+04    2.09580e+04    9.79429e+02    7.34360e+03
     Coulomb-14        LJ (SR)  Disper. corr.   Coulomb (SR)   Coul. recip.
    8.10036e+04    2.43413e+05   -2.25958e+04   -2.06264e+06    1.70816e+04
 Position Rest.      Potential    Kinetic En.   Total Energy  Conserved En.
    1.94367e+03   -1.68965e+06    3.26435e+05   -1.36321e+06   -1.33731e+06
    Temperature Pres. DC (bar) Pressure (bar)   Constr. rmsd
    2.98511e+02   -2.89527e+02   -7.05187e+00    3.71861e-06

           Step           Time
         170000      340.00000

   Energies (kJ/mol)
           Bond          Angle    Proper Dih.  Improper Dih.          LJ-14
    6.31531e+03    1.72309e+04    2.11031e+04    9.59755e+02    7.36050e+03
     Coulomb-14        LJ (SR)  Disper. corr.   Coulomb (SR)   Coul. recip.
    8.10422e+04    2.45356e+05   -2.25958e+04   -2.06315e+06    1.72963e+04
 Position Rest.      Potential    Kinetic En.   Total Energy  Conserved En.
    1.90565e+03   -1.68717e+06    3.27828e+05   -1.35934e+06   -1.33728e+06
    Temperature Pres. DC (bar) Pressure (bar)   Constr. rmsd
    2.99785e+02   -2.89527e+02   -4.59309e+01    3.76542e-06

           Step           Time
         175000      350.00000

   Energies (kJ/mol)
           Bond          Angle    Proper Dih.  Improper Dih.          LJ-14
    6.30292e+03    1.70442e+04    2.08114e+04    9.62791e+02    7.27646e+03
     Coulomb-14        LJ (SR)  Disper. corr.   Coulomb (SR)   Coul. recip.
    8.06703e+04    2.43472e+05   -2.25958e+04   -2.06181e+06    1.71861e+04
 Position Rest.      Potential    Kinetic En.   Total Energy  Conserved En.
    1.95381e+03   -1.68873e+06    3.28041e+05   -1.36069e+06   -1.33736e+06
    Temperature Pres. DC (bar) Pressure (bar)   Constr. rmsd
    2.99980e+02   -2.89527e+02   -1.61543e+02    3.68490e-06

           Step           Time
         180000      360.00000

   Energies (kJ/mol)
           Bond          Angle    Proper Dih.  Improper Dih.          LJ-14
    6.36974e+03    1.70844e+04    2.08783e+04    9.79913e+02    7.30609e+03
     Coulomb-14        LJ (SR)  Disper. corr.   Coulomb (SR)   Coul. recip.
    8.04015e+04    2.44494e+05   -2.25958e+04   -2.06163e+06    1.70053e+04
 Position Rest.      Potential    Kinetic En.   Total Energy  Conserved En.
    1.83316e+03   -1.68788e+06    3.28568e+05   -1.35931e+06   -1.33741e+06
    Temperature Pres. DC (bar) Pressure (bar)   Constr. rmsd
    3.00462e+02   -2.89527e+02    2.51751e+01    3.79364e-06

           Step           Time
         185000      370.00000

   Energies (kJ/mol)
           Bond          Angle    Proper Dih.  Improper Dih.          LJ-14
    6.27672e+03    1.67743e+04    2.08857e+04    9.86249e+02    7.24205e+03
     Coulomb-14        LJ (SR)  Disper. corr.   Coulomb (SR)   Coul. recip.
    8.05516e+04    2.42904e+05   -2.25958e+04   -2.06087e+06    1.73182e+04
 Position Rest.      Potential    Kinetic En.   Total Energy  Conserved En.
    1.87691e+03   -1.68865e+06    3.25870e+05   -1.36278e+06   -1.33740e+06
    Temperature Pres. DC (bar) Pressure (bar)   Constr. rmsd
    2.97995e+02   -2.89527e+02   -4.71049e+02    3.76954e-06

           Step           Time
         190000      380.00000

   Energies (kJ/mol)
           Bond          Angle    Proper Dih.  Improper Dih.          LJ-14
    6.22456e+03    1.66823e+04    2.10114e+04    9.26811e+02    7.39905e+03
     Coulomb-14        LJ (SR)  Disper. corr.   Coulomb (SR)   Coul. recip.
    8.06746e+04    2.45814e+05   -2.25958e+04   -2.06434e+06    1.69672e+04
 Position Rest.      Potential    Kinetic En.   Total Energy  Conserved En.
    1.86746e+03   -1.68937e+06    3.28104e+05   -1.36127e+06   -1.33746e+06
    Temperature Pres. DC (bar) Pressure (bar)   Constr. rmsd
    3.00038e+02   -2.89527e+02   -1.67704e+02    3.78811e-06

           Step           Time
         195000      390.00000

   Energies (kJ/mol)
           Bond          Angle    Proper Dih.  Improper Dih.          LJ-14
    6.19030e+03    1.70740e+04    2.08282e+04    9.27632e+02    7.36564e+03
     Coulomb-14        LJ (SR)  Disper. corr.   Coulomb (SR)   Coul. recip.
    8.07065e+04    2.46600e+05   -2.25958e+04   -2.06327e+06    1.74277e+04
 Position Rest.      Potential    Kinetic En.   Total Energy  Conserved En.
    1.80490e+03   -1.68694e+06    3.28703e+05   -1.35824e+06   -1.33746e+06
    Temperature Pres. DC (bar) Pressure (bar)   Constr. rmsd
    3.00585e+02   -2.89527e+02    3.61170e+02    3.92188e-06

           Step           Time
         200000      400.00000

   Energies (kJ/mol)
           Bond          Angle    Proper Dih.  Improper Dih.          LJ-14
    6.49481e+03    1.68077e+04    2.09021e+04    9.95649e+02    7.27795e+03
     Coulomb-14        LJ (SR)  Disper. corr.   Coulomb (SR)   Coul. recip.
    8.05674e+04    2.45276e+05   -2.25958e+04   -2.06180e+06    1.72949e+04
 Position Rest.      Potential    Kinetic En.   Total Energy  Conserved En.
    1.86849e+03   -1.68691e+06    3.24809e+05   -1.36210e+06   -1.33741e+06
    Temperature Pres. DC (bar) Pressure (bar)   Constr. rmsd
    2.97025e+02   -2.89527e+02   -9.54240e+01    3.84985e-06

           Step           Time
         205000      410.00000

   Energies (kJ/mol)
           Bond          Angle    Proper Dih.  Improper Dih.          LJ-14
    6.08070e+03    1.70014e+04    2.08727e+04    1.00995e+03    7.38797e+03
     Coulomb-14        LJ (SR)  Disper. corr.   Coulomb (SR)   Coul. recip.
    8.09252e+04    2.44887e+05   -2.25958e+04   -2.06094e+06    1.73290e+04
 Position Rest.      Potential    Kinetic En.   Total Energy  Conserved En.
    1.88030e+03   -1.68616e+06    3.28062e+05   -1.35810e+06   -1.33749e+06
    Temperature Pres. DC (bar) Pressure (bar)   Constr. rmsd
    2.99999e+02   -2.89527e+02    2.27349e+01    3.83790e-06

           Step           Time
         210000      420.00000

   Energies (kJ/mol)
           Bond          Angle    Proper Dih.  Improper Dih.          LJ-14
    6.39793e+03    1.67512e+04    2.08597e+04    9.66051e+02    7.41205e+03
     Coulomb-14        LJ (SR)  Disper. corr.   Coulomb (SR)   Coul. recip.
    8.09102e+04    2.46985e+05   -2.25958e+04   -2.06722e+06    1.70020e+04
 Position Rest.      Potential    Kinetic En.   Total Energy  Conserved En.
    1.71840e+03   -1.69081e+06    3.27942e+05   -1.36287e+06   -1.33747e+06
    Temperature Pres. DC (bar) Pressure (bar)   Constr. rmsd
    2.99890e+02   -2.89527e+02    3.16472e+02    3.78704e-06

           Step           Time
         215000      430.00000

   Energies (kJ/mol)
           Bond          Angle    Proper Dih.  Improper Dih.          LJ-14
    6.38993e+03    1.67699e+04    2.08754e+04    9.10132e+02    7.23627e+03
     Coulomb-14        LJ (SR)  Disper. corr.   Coulomb (SR)   Coul. recip.
    8.05913e+04    2.45195e+05   -2.25958e+04   -2.06423e+06    1.69709e+04
 Position Rest.      Potential    Kinetic En.   Total Energy  Conserved En.
    1.90536e+03   -1.68998e+06    3.27494e+05   -1.36248e+06   -1.33754e+06
    Temperature Pres. DC (bar) Pressure (bar)   Constr. rmsd
    2.99480e+02   -2.89527e+02    1.24210e+01    3.62040e-06

           Step           Time
         220000      440.00000

   Energies (kJ/mol)
           Bond          Angle    Proper Dih.  Improper Dih.          LJ-14
    6.12452e+03    1.68223e+04    2.09549e+04    9.22297e+02    7.39085e+03
     Coulomb-14        LJ (SR)  Disper. corr.   Coulomb (SR)   Coul. recip.
    8.10616e+04    2.41806e+05   -2.25958e+04   -2.05816e+06    1.74447e+04
 Position Rest.      Potential    Kinetic En.   Total Energy  Conserved En.
    1.97960e+03   -1.68625e+06    3.27165e+05   -1.35909e+06   -1.33755e+06
    Temperature Pres. DC (bar) Pressure (bar)   Constr. rmsd
    2.99179e+02   -2.89527e+02    2.82599e+01    3.95354e-06

           Step           Time
         225000      450.00000

   Energies (kJ/mol)
           Bond          Angle    Proper Dih.  Improper Dih.          LJ-14
    6.49460e+03    1.69985e+04    2.09823e+04    9.35881e+02    7.33900e+03
     Coulomb-14        LJ (SR)  Disper. corr.   Coulomb (SR)   Coul. recip.
    8.10010e+04    2.45257e+05   -2.25958e+04   -2.06406e+06    1.72428e+04
 Position Rest.      Potential    Kinetic En.   Total Energy  Conserved En.
    1.90794e+03   -1.68849e+06    3.27697e+05   -1.36080e+06   -1.33755e+06
    Temperature Pres. DC (bar) Pressure (bar)   Constr. rmsd
    2.99666e+02   -2.89527e+02    3.54274e+02    3.77781e-06

           Step           Time
         230000      460.00000

   Energies (kJ/mol)
           Bond          Angle    Proper Dih.  Improper Dih.          LJ-14
    6.14911e+03    1.68316e+04    2.08555e+04    9.89756e+02    7.24119e+03
     Coulomb-14        LJ (SR)  Disper. corr.   Coulomb (SR)   Coul. recip.
    8.04564e+04    2.44237e+05   -2.25958e+04   -2.06179e+06    1.72721e+04
 Position Rest.      Potential    Kinetic En.   Total Energy  Conserved En.
    1.81308e+03   -1.68854e+06    3.27756e+05   -1.36078e+06   -1.33762e+06
    Temperature Pres. DC (bar) Pressure (bar)   Constr. rmsd
    2.99720e+02   -2.89527e+02   -1.89109e+02    3.92343e-06

           Step           Time
         235000      470.00000

   Energies (kJ/mol)
           Bond          Angle    Proper Dih.  Improper Dih.          LJ-14
    6.11455e+03    1.70178e+04    2.09093e+04    1.00394e+03    7.30329e+03
     Coulomb-14        LJ (SR)  Disper. corr.   Coulomb (SR)   Coul. recip.
    8.07034e+04    2.43694e+05   -2.25958e+04   -2.06123e+06    1.71618e+04
 Position Rest.      Potential    Kinetic En.   Total Energy  Conserved En.
    1.96441e+03   -1.68795e+06    3.29752e+05   -1.35820e+06   -1.33760e+06
    Temperature Pres. DC (bar) Pressure (bar)   Constr. rmsd
    3.01544e+02   -2.89527e+02    9.39957e+01    3.89545e-06

           Step           Time
         240000      480.00000

   Energies (kJ/mol)
           Bond          Angle    Proper Dih.  Improper Dih.          LJ-14
    6.53101e+03    1.70556e+04    2.09453e+04    9.82919e+02    7.25898e+03
     Coulomb-14        LJ (SR)  Disper. corr.   Coulomb (SR)   Coul. recip.
    8.07982e+04    2.47022e+05   -2.25958e+04   -2.06430e+06    1.72447e+04
 Position Rest.      Potential    Kinetic En.   Total Energy  Conserved En.
    1.90764e+03   -1.68715e+06    3.28645e+05   -1.35851e+06   -1.33758e+06
    Temperature Pres. DC (bar) Pressure (bar)   Constr. rmsd
    3.00533e+02   -2.89527e+02    5.77457e+01    3.72132e-06

           Step           Time
         245000      490.00000

   Energies (kJ/mol)
           Bond          Angle    Proper Dih.  Improper Dih.          LJ-14
    6.56310e+03    1.71323e+04    2.07859e+04    9.58444e+02    7.27108e+03
     Coulomb-14        LJ (SR)  Disper. corr.   Coulomb (SR)   Coul. recip.
    8.06460e+04    2.45573e+05   -2.25958e+04   -2.06292e+06    1.72223e+04
 Position Rest.      Potential    Kinetic En.   Total Energy  Conserved En.
    1.79278e+03   -1.68757e+06    3.30829e+05   -1.35674e+06   -1.33765e+06
    Temperature Pres. DC (bar) Pressure (bar)   Constr. rmsd
    3.02530e+02   -2.89527e+02   -7.81195e+00    3.98807e-06

           Step           Time
         250000      500.00000

Writing checkpoint, step 250000 at Sun Apr  2 11:14:25 2023


   Energies (kJ/mol)
           Bond          Angle    Proper Dih.  Improper Dih.          LJ-14
    6.40275e+03    1.73995e+04    2.09675e+04    9.75579e+02    7.30066e+03
     Coulomb-14        LJ (SR)  Disper. corr.   Coulomb (SR)   Coul. recip.
    8.04707e+04    2.43504e+05   -2.25958e+04   -2.06036e+06    1.74331e+04
 Position Rest.      Potential    Kinetic En.   Total Energy  Conserved En.
    1.95105e+03   -1.68655e+06    3.28428e+05   -1.35812e+06   -1.33763e+06
    Temperature Pres. DC (bar) Pressure (bar)   Constr. rmsd
    3.00334e+02   -2.89527e+02    1.24072e+02    3.72959e-06


Energy conservation over simulation part #1 of length 500 ns, time 0 to 500 ns
  Conserved energy drift: 2.94e-05 kJ/mol/ps per atom


	<======  ###############  ==>
	<====  A V E R A G E S  ====>
	<==  ###############  ======>

	Statistics over 250001 steps using 2501 frames

   Energies (kJ/mol)
           Bond          Angle    Proper Dih.  Improper Dih.          LJ-14
    6.27732e+03    1.69722e+04    2.08956e+04    9.78325e+02    7.33109e+03
     Coulomb-14        LJ (SR)  Disper. corr.   Coulomb (SR)   Coul. recip.
    8.07217e+04    2.44829e+05   -2.25958e+04   -2.06249e+06    1.71669e+04
 Position Rest.      Potential    Kinetic En.   Total Energy  Conserved En.
    1.87891e+03   -1.68803e+06    3.28090e+05   -1.35994e+06   -1.33710e+06
    Temperature Pres. DC (bar) Pressure (bar)   Constr. rmsd
    3.00025e+02   -2.89527e+02    1.87047e+01    0.00000e+00

   Total Virial (kJ/mol)
    1.08488e+05   -5.34704e+02   -6.96339e+02
   -5.35393e+02    1.09009e+05   -3.53316e+01
   -6.96773e+02   -3.56259e+01    1.08400e+05

   Pressure (bar)
    2.42685e+01    1.49137e+01    1.78902e+01
    1.49314e+01    9.12960e+00    1.06475e+00
    1.79013e+01    1.07228e+00    2.27159e+01

      T-Protein  T-Non-Protein
    3.00091e+02    3.00020e+02


	M E G A - F L O P S   A C C O U N T I N G

 NB=Group-cutoff nonbonded kernels    NxN=N-by-N cluster Verlet kernels
 RF=Reaction-Field  VdW=Van der Waals  QSTab=quadratic-spline table
 W3=SPC/TIP3p  W4=TIP4p (single or pairs)
 V&F=Potential and force  V=Potential only  F=Force only

 Computing:                               M-Number         M-Flops  % Flops
-----------------------------------------------------------------------------
 Pair Search distance check           34503.848944      310534.640     0.0
 NxN QSTab Elec. + LJ [F]          24346240.454272   998195858.625    98.1
 NxN QSTab Elec. + LJ [V&F]          246031.183424    14515839.822     1.4
 Shift-X                                404.823252        2428.940     0.0
 Pos. Restr.                           1011.004044       50550.202     0.0
 Virial                                 323.997047        5831.947     0.0
 Stop-CM                                324.014004        3240.140     0.0
 Calc-Ekin                             6475.359004      174834.693     0.0
 Lincs                                  978.011736       58680.704     0.0
 Lincs-Mat                             4887.058644       19548.235     0.0
 Constraint-V                         32342.508738      291082.579     0.0
 Constraint-Vir                         313.767957        7530.431     0.0
 Settle                               10128.871545     3747682.472     0.4
-----------------------------------------------------------------------------
 Total                                              1017383643.429   100.0
-----------------------------------------------------------------------------


     R E A L   C Y C L E   A N D   T I M E   A C C O U N T I N G

On 1 MPI rank, each using 8 OpenMP threads

 Computing:          Num   Num      Call    Wall time         Giga-Cycles
                     Ranks Threads  Count      (s)         total sum    %
-----------------------------------------------------------------------------
 Neighbor search        1    8       3126      38.519        157.781   4.3
 Launch GPU ops.        1    8     250001      29.407        120.454   3.3
 Force                  1    8     250001      44.154        180.862   5.0
 Wait PME GPU gather    1    8     250001      39.672        162.503   4.5
 Wait Bonded GPU        1    8       2501       0.039          0.161   0.0
 Reduce GPU PME F       1    8     250001     335.982       1376.232  37.8
 Wait GPU NB local                             39.381        161.312   4.4
 NB X/F buffer ops.     1    8     496876     120.345        492.951  13.5
 Write traj.            1    8         51       2.781         11.393   0.3
 Update                 1    8     250001      85.164        348.844   9.6
 Constraints            1    8     250003     113.420        464.585  12.8
 Rest                                          40.562        166.146   4.6
-----------------------------------------------------------------------------
 Total                                        889.427       3643.221 100.0
-----------------------------------------------------------------------------

               Core t (s)   Wall t (s)        (%)
       Time:     7115.399      889.427      800.0
                 (ns/day)    (hour/ns)
Performance:       48.571        0.494
Finished mdrun on rank 0 Sun Apr  2 11:14:26 2023

